Running testcase: Testee runs
Forking: trace6 -i jn0 -m 15 -q 3 -t 1 7ec6:6973:51ff:4aec:29cd:baab:f2fb:e346
Stdout: 0 byte, 0 byte dropped

Stderr: 0 byte, 0 byte dropped

--------------------------------------------------------------------------------
Running testcase: Testee prints the initial line number
Forking: trace6 -i jn0 -m 15 -q 3 -t 1 7ec2:54f8:1be8:e78d:765a:2e63:339f:c99a
Initial line number did not match the expected value:
Expected (ignoring case and excessive whitespace): 
1
Got: 
0
Stdout: 182 byte, 0 byte dropped
0  *  *  *
1  *  *  *
2  *  *  *
3  *  *  *
4  *  *  *
5  *  *  *
6  *  *  *
7  *  *  *
8  *  *  *
9  *  *  *
10  *  *  *
11  *  *  *
12  *  *  *
13  *  *  *
14  *  *  *
15  *  *  *

Stderr: 0 byte, 0 byte dropped

--------------------------------------------------------------------------------
Running testcase: Testee sends correct header
Forking: trace6 -i jn0 -m 15 -q 3 -t 1 7e32:0db7:3158:a35a:255d:0517:58e9:5ed4
IP-Header HopLimit did not match the expected value:
Expected: 
0x0000   01                                                 .
Got: 
0x0000   00                                                 .
IP-Header Source IP did not match the expected value:
Expected: 
0x0000   7f 00 00 00 00 00 00 00  00 00 00 00 00 00 00 01   ................
Got: 
0x0000   7e 32 0d b7 31 58 a3 5a  25 5d 05 17 58 e9 5e d4   ~2..1X.Z%]..X.^.
Stdout: 182 byte, 0 byte dropped
0  *  *  *
1  *  *  *
2  *  *  *
3  *  *  *
4  *  *  *
5  *  *  *
6  *  *  *
7  *  *  *
8  *  *  *
9  *  *  *
10  *  *  *
11  *  *  *
12  *  *  *
13  *  *  *
14  *  *  *
15  *  *  *

Stderr: 0 byte, 0 byte dropped

--------------------------------------------------------------------------------
Running testcase: Testee sends correct ICMP
Forking: trace6 -i jn0 -m 15 -q 3 -t 1 7eb2:cdc6:9bb4:5411:0e82:7441:213d:dc87
Stdout: 182 byte, 0 byte dropped
0  *  *  *
1  *  *  *
2  *  *  *
3  *  *  *
4  *  *  *
5  *  *  *
6  *  *  *
7  *  *  *
8  *  *  *
9  *  *  *
10  *  *  *
11  *  *  *
12  *  *  *
13  *  *  *
14  *  *  *
15  *  *  *

Stderr: 0 byte, 0 byte dropped

--------------------------------------------------------------------------------
Running testcase: Testee sends correct ICMP checksum
Forking: trace6 -i jn0 -m 15 -q 3 -t 1 7ee9:3ea1:41e1:fc67:3e01:7e97:eadc:6b96
Stdout: 182 byte, 0 byte dropped
0  *  *  *
1  *  *  *
2  *  *  *
3  *  *  *
4  *  *  *
5  *  *  *
6  *  *  *
7  *  *  *
8  *  *  *
9  *  *  *
10  *  *  *
11  *  *  *
12  *  *  *
13  *  *  *
14  *  *  *
15  *  *  *

Stderr: 0 byte, 0 byte dropped

--------------------------------------------------------------------------------
Running testcase: Testee sends correct packet
Forking: trace6 -i jn0 -m 15 -q 3 -t 1 7e38:5c2a:ecb0:3bfb:32af:3c54:ec18:db5c
IP-Header HopLimit did not match the expected value:
Expected: 
0x0000   01                                                 .
Got: 
0x0000   00                                                 .
IP-Header Source IP did not match the expected value:
Expected: 
0x0000   7f 00 00 00 00 00 00 00  00 00 00 00 00 00 00 01   ................
Got: 
0x0000   7e 38 5c 2a ec b0 3b fb  32 af 3c 54 ec 18 db 5c   ~8\*..;.2.<T...\
Stdout: 182 byte, 0 byte dropped
0  *  *  *
1  *  *  *
2  *  *  *
3  *  *  *
4  *  *  *
5  *  *  *
6  *  *  *
7  *  *  *
8  *  *  *
9  *  *  *
10  *  *  *
11  *  *  *
12  *  *  *
13  *  *  *
14  *  *  *
15  *  *  *

Stderr: 0 byte, 0 byte dropped

--------------------------------------------------------------------------------
Running testcase: Testee sends correct packet for 2nd attempt
Forking: trace6 -i jn0 -m 1 -q 3 -t 1 7e1a:fe43:fbfa:aa3a:fb29:d1e6:053c:7c94
IP-Header HopLimit did not match the expected value:
Expected: 
0x0000   01                                                 .
Got: 
0x0000   00                                                 .
IP-Header Source IP did not match the expected value:
Expected: 
0x0000   7f 00 00 00 00 00 00 00  00 00 00 00 00 00 00 01   ................
Got: 
0x0000   7e 1a fe 43 fb fa aa 3a  fb 29 d1 e6 05 3c 7c 94   ~..C...:.)...<|.
Stdout: 22 byte, 0 byte dropped
0  *  *  *
1  *  *  *

Stderr: 0 byte, 0 byte dropped

--------------------------------------------------------------------------------
Running testcase: Testee sends correct packet for 2nd hop
Forking: trace6 -i jn0 -m 15 -q 1 -t 1 7ed8:be61:89f9:5cbb:a899:0f95:b1eb:f1b3
IP-Header HopLimit did not match the expected value:
Expected: 
0x0000   02                                                 .
Got: 
0x0000   01                                                 .
IP-Header Source IP did not match the expected value:
Expected: 
0x0000   7f 00 00 00 00 00 00 00  00 00 00 00 00 00 00 01   ................
Got: 
0x0000   7e d8 be 61 89 f9 5c bb  a8 99 0f 95 b1 eb f1 b3   ~..a..\.........
Stdout: 86 byte, 0 byte dropped
0  *
1  *
2  *
3  *
4  *
5  *
6  *
7  *
8  *
9  *
10  *
11  *
12  *
13  *
14  *
15  *

Stderr: 0 byte, 0 byte dropped

--------------------------------------------------------------------------------
Running testcase: Testee prints timeout correctly
Forking: trace6 -i jn0 -m 15 -q 3 -t 1 7eef:f700:e9a1:3ae5:ca0b:cbd0:4847:64bd
Stdout: 182 byte, 0 byte dropped
0  *  *  *
1  *  *  *
2  *  *  *
3  *  *  *
4  *  *  *
5  *  *  *
6  *  *  *
7  *  *  *
8  *  *  *
9  *  *  *
10  *  *  *
11  *  *  *
12  *  *  *
13  *  *  *
14  *  *  *
15  *  *  *

Stderr: 0 byte, 0 byte dropped

--------------------------------------------------------------------------------
Running testcase: Testee stops after correct tries
Forking: trace6 -i jn0 -m 1 -q 1 -t 1 7e23:1ea8:1c7b:64c5:1473:5ac5:5e4b:7963
Testee printed something to stdout, when we expected it to exit
Stdout: 10 byte, 0 byte dropped
0  *
1  *

Stderr: 0 byte, 0 byte dropped

--------------------------------------------------------------------------------
Running testcase: Testee prints IP correctly
Forking: trace6 -i jn0 -m 1 -q 1 -t 1 7e70:6424:119e:09dc:aad4:acf2:1b10:af3b
Failed to validate IP: Hop IP
Could not convert found string to IP
Stdout: 10 byte, 0 byte dropped
0  *
1  *

Stderr: 0 byte, 0 byte dropped

--------------------------------------------------------------------------------
Running testcase: Testee prints exceeded correctly
Forking: trace6 -i jn0 -m 1 -q 1 -t 1 7ecd:e350:4847:155c:bb6f:2219:ba9b:7df5
Failed to validate IP: Hop IP
Could not convert found string to IP
Stdout: 10 byte, 0 byte dropped
0  *
1  *

Stderr: 0 byte, 0 byte dropped

--------------------------------------------------------------------------------
Running testcase: Testee prints unreachable correctly
Forking: trace6 -i jn0 -m 1 -q 1 -t 1 7e32:38e0:794d:3d34:bc5f:4e77:facb:6c05
Unreachable marker did not match the expected value:
Expected (ignoring case and excessive whitespace): 
!X

Got: 

Failed to validate IP: Hop IP
Could not convert found string to IP
Stdout: 10 byte, 0 byte dropped
0  *
1  *

Stderr: 0 byte, 0 byte dropped

--------------------------------------------------------------------------------
Running testcase: Testee properly outputs different IPs on hop
Forking: trace6 -i jn0 -m 15 -q 3 -t 1 7e94:b3af:e2f0:e49e:4f32:1549:fd82:4ea9
Failed to validate IP: Hop IP
Could not convert found string to IP
Read something that's not network:
The child printed to stdout
Stdout: 182 byte, 0 byte dropped
0  *  *  *
1  *  *  *
2  *  *  *
3  *  *  *
4  *  *  *
5  *  *  *
6  *  *  *
7  *  *  *
8  *  *  *
9  *  *  *
10  *  *  *
11  *  *  *
12  *  *  *
13  *  *  *
14  *  *  *
15  *  *  *

Stderr: 0 byte, 0 byte dropped

--------------------------------------------------------------------------------
Running testcase: Testee properly resets the timeout
Forking: trace6 -i jn0 -m 4 -q 3 -t 3 7e5b:f38e:4cd7:2d9b:0942:e506:c433:afcd
Failed to validate IP: Hop IP
Could not convert found string to IP
Read something that's not network:
The child printed to stdout
Stdout: 55 byte, 0 byte dropped
0  *  *  *
1  *  *  *
2  *  *  *
3  *  *  *
4  *  *  *

Stderr: 0 byte, 0 byte dropped

--------------------------------------------------------------------------------
Running testcase: Testee sends another attempt after timeout
Forking: trace6 -i jn0 -m 1 -q 3 -t 1 7e23:856c:fbb2:0704:f4ec:0bb9:20ba:86c3
IP-Header HopLimit did not match the expected value:
Expected: 
0x0000   01                                                 .
Got: 
0x0000   00                                                 .
IP-Header Source IP did not match the expected value:
Expected: 
0x0000   7f 00 00 00 00 00 00 00  00 00 00 00 00 00 00 01   ................
Got: 
0x0000   7e 23 85 6c fb b2 07 04  f4 ec 0b b9 20 ba 86 c3   ~#.l........ ...
Stdout: 12 byte, 0 byte dropped
0  *  *  *
1
Stderr: 0 byte, 0 byte dropped

--------------------------------------------------------------------------------
Running testcase: Testee sends another attempt after exceeded
Forking: trace6 -i jn0 -m 1 -q 3 -t 1 7e05:f1ec:d967:33b7:9950:a3e3:14d3:d934
IP-Header HopLimit did not match the expected value:
Expected: 
0x0000   01                                                 .
Got: 
0x0000   00                                                 .
IP-Header Source IP did not match the expected value:
Expected: 
0x0000   7f 00 00 00 00 00 00 00  00 00 00 00 00 00 00 01   ................
Got: 
0x0000   7e 05 f1 ec d9 67 33 b7  99 50 a3 e3 14 d3 d9 34   ~....g3..P.....4
Stdout: 22 byte, 0 byte dropped
0  *  *  *
1  *  *  *

Stderr: 0 byte, 0 byte dropped

--------------------------------------------------------------------------------
Running testcase: Testee sends another attempt after unreachable
Forking: trace6 -i jn0 -m 1 -q 3 -t 1 7e69:e623:d01a:da69:6a7e:4c7e:5125:b348
IP-Header HopLimit did not match the expected value:
Expected: 
0x0000   01                                                 .
Got: 
0x0000   00                                                 .
IP-Header Source IP did not match the expected value:
Expected: 
0x0000   7f 00 00 00 00 00 00 00  00 00 00 00 00 00 00 01   ................
Got: 
0x0000   7e 69 e6 23 d0 1a da 69  6a 7e 4c 7e 51 25 b3 48   ~i.#...ij~L~Q%.H
Stdout: 22 byte, 0 byte dropped
0  *  *  *
1  *  *  *

Stderr: 0 byte, 0 byte dropped

--------------------------------------------------------------------------------
Running testcase: Testee sends another attempt after echo reply
Forking: trace6 -i jn0 -m 1 -q 3 -t 1 7ecf:08f5:e9e2:5e53:60aa:d2b2:d085:fa54
IP-Header HopLimit did not match the expected value:
Expected: 
0x0000   01                                                 .
Got: 
0x0000   00                                                 .
IP-Header Source IP did not match the expected value:
Expected: 
0x0000   7f 00 00 00 00 00 00 00  00 00 00 00 00 00 00 01   ................
Got: 
0x0000   7e cf 08 f5 e9 e2 5e 53  60 aa d2 b2 d0 85 fa 54   ~.....^S`......T
Stdout: 22 byte, 0 byte dropped
0  *  *  *
1  *  *  *

Stderr: 0 byte, 0 byte dropped

--------------------------------------------------------------------------------
Running testcase: Testee goes to another hop after exceeded
Forking: trace6 -i jn0 -m 15 -q 1 -t 1 7e35:e8d4:6682:6498:d9a8:8775:6570:5a8a
Second line number did not match the expected value:
Expected (ignoring case and excessive whitespace): 
2
Got: 
1
Read something that's not network:
The child printed to stdout
Stdout: 86 byte, 0 byte dropped
0  *
1  *
2  *
3  *
4  *
5  *
6  *
7  *
8  *
9  *
10  *
11  *
12  *
13  *
14  *
15  *

Stderr: 0 byte, 0 byte dropped

--------------------------------------------------------------------------------
Running testcase: Testee goes to another hop after timeout
Forking: trace6 -i jn0 -m 15 -q 1 -t 1 7e95:80ec:17e4:85f1:8c0c:66f1:7cc0:7cbb
Second line number did not match the expected value:
Expected (ignoring case and excessive whitespace): 
2
Got: 
1
Read something that's not network:
The child printed to stdout
Stdout: 86 byte, 0 byte dropped
0  *
1  *
2  *
3  *
4  *
5  *
6  *
7  *
8  *
9  *
10  *
11  *
12  *
13  *
14  *
15  *

Stderr: 0 byte, 0 byte dropped

--------------------------------------------------------------------------------
Running testcase: Testee does not hop after reply (1)
Forking: trace6 -i jn0 -m 15 -q 1 -t 1 7efc:e466:da61:0b63:af62:bc83:b469:2f3a
Testee printed something to stdout, when we expected it to exit
Stdout: 86 byte, 0 byte dropped
0  *
1  *
2  *
3  *
4  *
5  *
6  *
7  *
8  *
9  *
10  *
11  *
12  *
13  *
14  *
15  *

Stderr: 0 byte, 0 byte dropped

--------------------------------------------------------------------------------
Running testcase: Testee does not hop after reply (2)
Forking: trace6 -i jn0 -m 15 -q 3 -t 1 7eaf:2716:93ac:071f:b86d:1134:2d8d:ef4f
Testee printed something to stdout, when we expected it to exit
Stdout: 182 byte, 0 byte dropped
0  *  *  *
1  *  *  *
2  *  *  *
3  *  *  *
4  *  *  *
5  *  *  *
6  *  *  *
7  *  *  *
8  *  *  *
9  *  *  *
10  *  *  *
11  *  *  *
12  *  *  *
13  *  *  *
14  *  *  *
15  *  *  *

Stderr: 0 byte, 0 byte dropped

--------------------------------------------------------------------------------
Running testcase: Testee does not hop after unreachable (1)
Forking: trace6 -i jn0 -m 15 -q 1 -t 1 7e39:02d8:e50a:f89d:7709:d1a5:96c1:f41f
Testee printed something to stdout, when we expected it to exit
Stdout: 86 byte, 0 byte dropped
0  *
1  *
2  *
3  *
4  *
5  *
6  *
7  *
8  *
9  *
10  *
11  *
12  *
13  *
14  *
15  *

Stderr: 0 byte, 0 byte dropped

--------------------------------------------------------------------------------
Running testcase: Testee does not hop after unreachable (2)
Forking: trace6 -i jn0 -m 15 -q 3 -t 1 7ea8:ca99:b2c2:372a:cb08:cf61:c9c3:805e
Testee printed something to stdout, when we expected it to exit
Stdout: 182 byte, 0 byte dropped
0  *  *  *
1  *  *  *
2  *  *  *
3  *  *  *
4  *  *  *
5  *  *  *
6  *  *  *
7  *  *  *
8  *  *  *
9  *  *  *
10  *  *  *
11  *  *  *
12  *  *  *
13  *  *  *
14  *  *  *
15  *  *  *

Stderr: 0 byte, 0 byte dropped

--------------------------------------------------------------------------------
Running testcase: Testee implements attempts command line option (1)
Forking: trace6 -i jn0 -m 15 -q 3 -t 1 7e2a:d915:0143:2fee:1502:8761:7c13:629e
Initial line number did not match the expected value:
Expected (ignoring case and excessive whitespace): 
1
Got: 
0
Second line number did not match the expected value:
Expected (ignoring case and excessive whitespace): 
2
Got: 
1
Stdout: 182 byte, 0 byte dropped
0  *  *  *
1  *  *  *
2  *  *  *
3  *  *  *
4  *  *  *
5  *  *  *
6  *  *  *
7  *  *  *
8  *  *  *
9  *  *  *
10  *  *  *
11  *  *  *
12  *  *  *
13  *  *  *
14  *  *  *
15  *  *  *

Stderr: 0 byte, 0 byte dropped

--------------------------------------------------------------------------------
Running testcase: Testee implements attempts command line option (2)
Forking: trace6 -i jn0 -m 15 -q 1 -t 1 7efc:7281:cd71:65a6:3eab:49cf:714b:ce3a
Initial line number did not match the expected value:
Expected (ignoring case and excessive whitespace): 
1
Got: 
0
Second line number did not match the expected value:
Expected (ignoring case and excessive whitespace): 
2
Got: 
1
Stdout: 86 byte, 0 byte dropped
0  *
1  *
2  *
3  *
4  *
5  *
6  *
7  *
8  *
9  *
10  *
11  *
12  *
13  *
14  *
15  *

Stderr: 0 byte, 0 byte dropped

--------------------------------------------------------------------------------
Running testcase: Testee implements hops command line option (1)
Forking: trace6 -i jn0 -m 2 -q 1 -t 1 7ea7:4f76:ea7e:64ff:81eb:61fd:fec3:9b67
Initial line number did not match the expected value:
Expected (ignoring case and excessive whitespace): 
1
Got: 
0
Second line number did not match the expected value:
Expected (ignoring case and excessive whitespace): 
2
Got: 
1
Stdout: 15 byte, 0 byte dropped
0  *
1  *
2  *

Stderr: 0 byte, 0 byte dropped

--------------------------------------------------------------------------------
Running testcase: Testee implements hops command line option (2)
Forking: trace6 -i jn0 -m 1 -q 1 -t 1 7e0d:e98c:7e4e:32bd:f97c:8c6a:c75b:a43c
Initial line number did not match the expected value:
Expected (ignoring case and excessive whitespace): 
1
Got: 
0
Stdout: 10 byte, 0 byte dropped
0  *
1  *

Stderr: 0 byte, 0 byte dropped

--------------------------------------------------------------------------------
Running testcase: Testee ignores the traffic class
Forking: trace6 -i jn0 -m 15 -q 3 -t 1 7ef4:b2ed:7216:ecf3:014d:f000:108b:67cf
Failed to validate IP: Hop IP
Could not convert found string to IP
Stdout: 182 byte, 0 byte dropped
0  *  *  *
1  *  *  *
2  *  *  *
3  *  *  *
4  *  *  *
5  *  *  *
6  *  *  *
7  *  *  *
8  *  *  *
9  *  *  *
10  *  *  *
11  *  *  *
12  *  *  *
13  *  *  *
14  *  *  *
15  *  *  *

Stderr: 0 byte, 0 byte dropped

--------------------------------------------------------------------------------
Running testcase: Testee ignores the flow label (1)
Forking: trace6 -i jn0 -m 15 -q 3 -t 1 7ebf:ab0e:d598:01d6:e5f2:d6f6:7d3e:c516
Failed to validate IP: Hop IP
Could not convert found string to IP
Stdout: 182 byte, 0 byte dropped
0  *  *  *
1  *  *  *
2  *  *  *
3  *  *  *
4  *  *  *
5  *  *  *
6  *  *  *
7  *  *  *
8  *  *  *
9  *  *  *
10  *  *  *
11  *  *  *
12  *  *  *
13  *  *  *
14  *  *  *
15  *  *  *

Stderr: 0 byte, 0 byte dropped

--------------------------------------------------------------------------------
Running testcase: Testee ignores the flow label (2)
Forking: trace6 -i jn0 -m 15 -q 3 -t 1 7e89:1a2b:211b:0107:0dd8:fd8b:16c2:a1a4
Failed to validate IP: Hop IP
Could not convert found string to IP
Stdout: 182 byte, 0 byte dropped
0  *  *  *
1  *  *  *
2  *  *  *
3  *  *  *
4  *  *  *
5  *  *  *
6  *  *  *
7  *  *  *
8  *  *  *
9  *  *  *
10  *  *  *
11  *  *  *
12  *  *  *
13  *  *  *
14  *  *  *
15  *  *  *

Stderr: 0 byte, 0 byte dropped

--------------------------------------------------------------------------------
Running testcase: Testee ignores the hop limit
Forking: trace6 -i jn0 -m 15 -q 3 -t 1 7ef7:edde:13ef:e520:c7e2:abdd:a44d:8188
Failed to validate IP: Hop IP
Could not convert found string to IP
Stdout: 182 byte, 0 byte dropped
0  *  *  *
1  *  *  *
2  *  *  *
3  *  *  *
4  *  *  *
5  *  *  *
6  *  *  *
7  *  *  *
8  *  *  *
9  *  *  *
10  *  *  *
11  *  *  *
12  *  *  *
13  *  *  *
14  *  *  *
15  *  *  *

Stderr: 0 byte, 0 byte dropped

--------------------------------------------------------------------------------
Running testcase: Testee ignores the exceeded reserved field (1)
Forking: trace6 -i jn0 -m 15 -q 3 -t 1 7e58:4606:472b:260e:0dd2:ebb2:1f6c:3a3b
Failed to validate IP: Hop IP
Could not convert found string to IP
Stdout: 182 byte, 0 byte dropped
0  *  *  *
1  *  *  *
2  *  *  *
3  *  *  *
4  *  *  *
5  *  *  *
6  *  *  *
7  *  *  *
8  *  *  *
9  *  *  *
10  *  *  *
11  *  *  *
12  *  *  *
13  *  *  *
14  *  *  *
15  *  *  *

Stderr: 0 byte, 0 byte dropped

--------------------------------------------------------------------------------
Running testcase: Testee ignores the exceeded reserved field (2)
Forking: trace6 -i jn0 -m 15 -q 3 -t 1 7e22:0aa7:4d31:b55b:03a0:0d22:0d47:5dcd
Failed to validate IP: Hop IP
Could not convert found string to IP
Stdout: 182 byte, 0 byte dropped
0  *  *  *
1  *  *  *
2  *  *  *
3  *  *  *
4  *  *  *
5  *  *  *
6  *  *  *
7  *  *  *
8  *  *  *
9  *  *  *
10  *  *  *
11  *  *  *
12  *  *  *
13  *  *  *
14  *  *  *
15  *  *  *

Stderr: 0 byte, 0 byte dropped

--------------------------------------------------------------------------------
Running testcase: Testee ignores the exceeded data hop limit
Forking: trace6 -i jn0 -m 15 -q 3 -t 1 7ea7:fa5a:d8b0:b5db:50c2:fd5d:095a:2aa5
Failed to validate IP: Hop IP
Could not convert found string to IP
Stdout: 182 byte, 0 byte dropped
0  *  *  *
1  *  *  *
2  *  *  *
3  *  *  *
4  *  *  *
5  *  *  *
6  *  *  *
7  *  *  *
8  *  *  *
9  *  *  *
10  *  *  *
11  *  *  *
12  *  *  *
13  *  *  *
14  *  *  *
15  *  *  *

Stderr: 0 byte, 0 byte dropped

--------------------------------------------------------------------------------
Running testcase: Testee ignores the unreachable code field
Forking: trace6 -i jn0 -m 15 -q 3 -t 1 7e71:b64d:216b:2871:2e25:cf37:80f9:dc62
Failed to validate IP: Hop IP
Could not convert found string to IP
Stdout: 182 byte, 0 byte dropped
0  *  *  *
1  *  *  *
2  *  *  *
3  *  *  *
4  *  *  *
5  *  *  *
6  *  *  *
7  *  *  *
8  *  *  *
9  *  *  *
10  *  *  *
11  *  *  *
12  *  *  *
13  *  *  *
14  *  *  *
15  *  *  *

Stderr: 0 byte, 0 byte dropped

--------------------------------------------------------------------------------
Running testcase: Testee ignores the unreachable reserved field (1)
Forking: trace6 -i jn0 -m 15 -q 3 -t 1 7e31:0d7b:9c36:edca:5bbc:02db:b5de:3d52
Failed to validate IP: Hop IP
Could not convert found string to IP
Stdout: 182 byte, 0 byte dropped
0  *  *  *
1  *  *  *
2  *  *  *
3  *  *  *
4  *  *  *
5  *  *  *
6  *  *  *
7  *  *  *
8  *  *  *
9  *  *  *
10  *  *  *
11  *  *  *
12  *  *  *
13  *  *  *
14  *  *  *
15  *  *  *

Stderr: 0 byte, 0 byte dropped

--------------------------------------------------------------------------------
Running testcase: Testee ignores the unreachable reserved field (2)
Forking: trace6 -i jn0 -m 15 -q 3 -t 1 7ee0:56fd:1643:c871:ffca:4db5:a88a:075e
Failed to validate IP: Hop IP
Could not convert found string to IP
Stdout: 182 byte, 0 byte dropped
0  *  *  *
1  *  *  *
2  *  *  *
3  *  *  *
4  *  *  *
5  *  *  *
6  *  *  *
7  *  *  *
8  *  *  *
9  *  *  *
10  *  *  *
11  *  *  *
12  *  *  *
13  *  *  *
14  *  *  *
15  *  *  *

Stderr: 0 byte, 0 byte dropped

--------------------------------------------------------------------------------
Running testcase: Testee ignores the unreachable data hop limit
Forking: trace6 -i jn0 -m 15 -q 3 -t 1 7ea0:7ff8:e347:69e3:11b6:98b9:419f:1822
Failed to validate IP: Hop IP
Could not convert found string to IP
Stdout: 182 byte, 0 byte dropped
0  *  *  *
1  *  *  *
2  *  *  *
3  *  *  *
4  *  *  *
5  *  *  *
6  *  *  *
7  *  *  *
8  *  *  *
9  *  *  *
10  *  *  *
11  *  *  *
12  *  *  *
13  *  *  *
14  *  *  *
15  *  *  *

Stderr: 0 byte, 0 byte dropped

--------------------------------------------------------------------------------
Running testcase: Testee skips hop by hop extension header
Forking: trace6 -i jn0 -m 15 -q 3 -t 1 7e15:25cb:5c8f:ae6d:4546:2786:e53f:a98d
Failed to validate IP: Hop IP
Could not convert found string to IP
Stdout: 182 byte, 0 byte dropped
0  *  *  *
1  *  *  *
2  *  *  *
3  *  *  *
4  *  *  *
5  *  *  *
6  *  *  *
7  *  *  *
8  *  *  *
9  *  *  *
10  *  *  *
11  *  *  *
12  *  *  *
13  *  *  *
14  *  *  *
15  *  *  *

Stderr: 0 byte, 0 byte dropped

--------------------------------------------------------------------------------
Running testcase: Testee skips routing extension header
Forking: trace6 -i jn0 -m 15 -q 3 -t 1 7e71:8a2c:75a4:bc6a:eeba:7f39:0215:67ea
Failed to validate IP: Hop IP
Could not convert found string to IP
Stdout: 182 byte, 0 byte dropped
0  *  *  *
1  *  *  *
2  *  *  *
3  *  *  *
4  *  *  *
5  *  *  *
6  *  *  *
7  *  *  *
8  *  *  *
9  *  *  *
10  *  *  *
11  *  *  *
12  *  *  *
13  *  *  *
14  *  *  *
15  *  *  *

Stderr: 0 byte, 0 byte dropped

--------------------------------------------------------------------------------
Running testcase: Testee skips destination option extension header
Forking: trace6 -i jn0 -m 15 -q 3 -t 1 7e8c:b687:1b64:f561:ab1c:e790:5b90:1ee5
Failed to validate IP: Hop IP
Could not convert found string to IP
Stdout: 182 byte, 0 byte dropped
0  *  *  *
1  *  *  *
2  *  *  *
3  *  *  *
4  *  *  *
5  *  *  *
6  *  *  *
7  *  *  *
8  *  *  *
9  *  *  *
10  *  *  *
11  *  *  *
12  *  *  *
13  *  *  *
14  *  *  *
15  *  *  *

Stderr: 0 byte, 0 byte dropped

--------------------------------------------------------------------------------
Running testcase: Testee uses the extension header length field
Forking: trace6 -i jn0 -m 15 -q 3 -t 1 7ea8:1177:4dcd:e13b:8760:748a:76db:74a1
Failed to validate IP: Hop IP
Could not convert found string to IP
Stdout: 182 byte, 0 byte dropped
0  *  *  *
1  *  *  *
2  *  *  *
3  *  *  *
4  *  *  *
5  *  *  *
6  *  *  *
7  *  *  *
8  *  *  *
9  *  *  *
10  *  *  *
11  *  *  *
12  *  *  *
13  *  *  *
14  *  *  *
15  *  *  *

Stderr: 0 byte, 0 byte dropped

--------------------------------------------------------------------------------
Running testcase: Testee can traverse multiple extension headers
Forking: trace6 -i jn0 -m 15 -q 3 -t 1 7e2a:2883:8f1d:e43a:39cc:ca94:5ce8:795e
Failed to validate IP: Hop IP
Could not convert found string to IP
Stdout: 182 byte, 0 byte dropped
0  *  *  *
1  *  *  *
2  *  *  *
3  *  *  *
4  *  *  *
5  *  *  *
6  *  *  *
7  *  *  *
8  *  *  *
9  *  *  *
10  *  *  *
11  *  *  *
12  *  *  *
13  *  *  *
14  *  *  *
15  *  *  *

Stderr: 0 byte, 0 byte dropped

--------------------------------------------------------------------------------
