Running testcase: Testee runs
Forking: collatz 2
Stdout: 4 byte, 0 byte dropped
2
1

Stderr: 0 byte, 0 byte dropped

--------------------------------------------------------------------------------
Running testcase: Testee prints newline in the right place
Forking: collatz 2
Stdout: 4 byte, 0 byte dropped
2
1

Stderr: 0 byte, 0 byte dropped

--------------------------------------------------------------------------------
Running testcase: Testee handles case '1'
Forking: collatz 1
Stdout: 2 byte, 0 byte dropped
1

Stderr: 0 byte, 0 byte dropped

--------------------------------------------------------------------------------
Running testcase: Testee handles case '2'
Forking: collatz 2
Stdout: 4 byte, 0 byte dropped
2
1

Stderr: 0 byte, 0 byte dropped

--------------------------------------------------------------------------------
Running testcase: Testee handles case '19'
Forking: collatz 19
Stdout: 58 byte, 0 byte dropped
19
58
29
88
44
22
11
34
17
52
26
13
40
20
10
5
16
8
4
2
1

Stderr: 0 byte, 0 byte dropped

--------------------------------------------------------------------------------
Running testcase: Testee handles case '42'
Forking: collatz 42
Stdout: 23 byte, 0 byte dropped
42
21
64
32
16
8
4
2
1

Stderr: 0 byte, 0 byte dropped

--------------------------------------------------------------------------------
